<?xml version="1.0" encoding="UTF-8"?>
<testsuite xmlns:xsi="http://www.w3.org/2001/XMLSchema-instance" xsi:noNamespaceSchemaLocation="https://maven.apache.org/surefire/maven-surefire-plugin/xsd/surefire-test-report-3.0.xsd" version="3.0" name="runner.TestRunner" time="10.155" tests="1" errors="0" skipped="0" failures="0">
  <properties>
[...]
</properties>
  <testcase name="runScenario[&quot;Validate different functionalities on the web application&quot;, &quot;Optional[Verify The Internet App Functionalities]&quot;](1)" classname="runner.TestRunner" time="8.541">
    <system-out><![CDATA[
Scenario: Validate different functionalities on the web application     # src/test/resources/features/CapstoneTest.feature:3
  Given User navigates to "http://the-internet.herokuapp.com"           # stepDefinitions.StepDefinitions.user_navigates_to(java.lang.String)
  When User verifies the page title as "The Internet"                   # stepDefinitions.StepDefinitions.user_verifies_the_page_title_as(java.lang.String)
  And User clicks on "A/B Testing"                                      # stepDefinitions.StepDefinitions.user_clicks_on(java.lang.String)
Actual Text Found: A/B Test Variation 1
  Then User verifies the text on the page as "A/B Test Variation 1"     # stepDefinitions.StepDefinitions.user_verifies_the_text_on_the_page_as(java.lang.String)
  When User navigates back to the home page                             # stepDefinitions.StepDefinitions.user_navigates_back_to_the_home_page()
  And User clicks on "Dropdown"                                         # stepDefinitions.StepDefinitions.user_clicks_on(java.lang.String)
  Then User selects "Option 1" from the dropdown and verifies selection # stepDefinitions.StepDefinitions.user_selects_from_the_dropdown_and_verifies_selection(java.lang.String)
  When User navigates back to the home page                             # stepDefinitions.StepDefinitions.user_navigates_back_to_the_home_page()
  And User clicks on "Frames"                                           # stepDefinitions.StepDefinitions.user_clicks_on(java.lang.String)
  Then User verifies "Nested Frames" and "iFrame" links exist           # stepDefinitions.StepDefinitions.verifyFrames(java.lang.String,java.lang.String)
]]></system-out>
  </testcase>
</testsuite>