<?xml version="1.0" encoding="UTF-8"?>
<testng-results ignored="0" total="1" passed="1" failed="0" skipped="0">
  <reporter-output>
  </reporter-output>
  <suite started-at="2025-03-02T19:36:09 IST" name="Surefire suite" finished-at="2025-03-02T19:36:19 IST" duration-ms="9487">
    <groups>
      <group name="cucumber">
        <method signature="AbstractTestNGCucumberTests.runScenario(io.cucumber.testng.PickleWrapper,io.cucumber.testng.FeatureWrapper)[pri:0, instance:runner.TestRunner@16e7dcfd]" name="runScenario" class="io.cucumber.testng.AbstractTestNGCucumberTests"/>
      </group> <!-- cucumber -->
    </groups>
    <test started-at="2025-03-02T19:36:09 IST" name="Surefire test" finished-at="2025-03-02T19:36:19 IST" duration-ms="9487">
      <class name="runner.TestRunner">
        <test-method is-config="true" signature="setUpClass(org.testng.ITestContext)[pri:0, instance:runner.TestRunner@16e7dcfd]" started-at="2025-03-02T19:36:09 IST" name="setUpClass" finished-at="2025-03-02T19:36:10 IST" duration-ms="483" status="PASS">
          <params>
            <param index="0">
              <value>
                <![CDATA[org.testng.TestRunner@5445f5ba]]>
              </value>
            </param>
          </params>
          <reporter-output>
          </reporter-output>
        </test-method> <!-- setUpClass -->
        <test-method signature="runScenario(io.cucumber.testng.PickleWrapper,io.cucumber.testng.FeatureWrapper)[pri:0, instance:runner.TestRunner@16e7dcfd]" started-at="2025-03-02T19:36:10 IST" name="runScenario" description="Runs Cucumber Scenarios" data-provider="scenarios" finished-at="2025-03-02T19:36:18 IST" duration-ms="8536" status="PASS">
          <params>
            <param index="0">
              <value>
                <![CDATA["Validate different functionalities on the web application"]]>
              </value>
            </param>
            <param index="1">
              <value>
                <![CDATA["Optional[Verify The Internet App Functionalities]"]]>
              </value>
            </param>
          </params>
          <reporter-output>
          </reporter-output>
        </test-method> <!-- runScenario -->
        <test-method is-config="true" signature="tearDownClass()[pri:0, instance:runner.TestRunner@16e7dcfd]" started-at="2025-03-02T19:36:18 IST" name="tearDownClass" finished-at="2025-03-02T19:36:19 IST" duration-ms="440" status="PASS">
          <reporter-output>
          </reporter-output>
        </test-method> <!-- tearDownClass -->
      </class> <!-- runner.TestRunner -->
    </test> <!-- Surefire test -->
  </suite> <!-- Surefire suite -->
</testng-results>
